<?xml version="1.0" encoding="UTF-8"?>
<!-- Generated by org.testng.reporters.JUnitReportReporter -->
<testsuite skipped="0" hostname="LAPTOP-6J2R3I92" name="com.lendico.test.CalculateAnnuityTest" tests="4" failures="0" timestamp="08 Apr 2019 02:01:39 GMT" time="4.931" errors="0">
  <testcase name="verifyCalculateAnnuityResponseTest" time="0.069" classname="com.lendico.test.CalculateAnnuityTest"/>
  <testcase name="verifyCalculateAnnuityResponseTest" time="4.806" classname="com.lendico.test.CalculateAnnuityTest"/>
  <testcase name="verifyCalculateAnnuityResponseTest" time="0.034" classname="com.lendico.test.CalculateAnnuityTest"/>
  <testcase name="verifyCalculateAnnuityResponseTest" time="0.022" classname="com.lendico.test.CalculateAnnuityTest"/>
</testsuite> <!-- com.lendico.test.CalculateAnnuityTest -->
