<?xml version="1.0" encoding="UTF-8"?>
<!-- Generated by org.testng.reporters.JUnitReportReporter -->
<testsuite skipped="0" hostname="LAPTOP-6J2R3I92" name="com.assure.test.AssureAcceptanceTest" tests="3" failures="0" timestamp="28 Apr 2019 19:41:18 GMT" time="0.106" errors="0">
  <testcase name="verifyCanRelistAcceptanceTest" time="0.080" classname="com.assure.test.AssureAcceptanceTest"/>
  <testcase name="verifyGalleryDescriptionAcceptanceTest" time="0.024" classname="com.assure.test.AssureAcceptanceTest"/>
  <testcase name="verifyNameAcceptanceTest" time="0.002" classname="com.assure.test.AssureAcceptanceTest"/>
</testsuite> <!-- com.assure.test.AssureAcceptanceTest -->
