<?xml version="1.0" encoding="UTF-8"?>
<!-- Generated by org.testng.reporters.JUnitReportReporter -->
<testsuite skipped="0" hostname="LAPTOP-6J2R3I92" name="com.lendico.test.GeneratePlanTest" tests="16" failures="0" timestamp="08 Apr 2019 22:21:50 GMT" time="2.814" errors="0">
  <testcase name="verifyDateTest" time="0.025" classname="com.lendico.test.GeneratePlanTest"/>
  <testcase name="verifyPrincipleInterestCalculationTest" time="0.059" classname="com.lendico.test.GeneratePlanTest"/>
  <testcase name="verifyAnnuityTest" time="0.070" classname="com.lendico.test.GeneratePlanTest"/>
  <testcase name="verifyAnnuityTest" time="2.169" classname="com.lendico.test.GeneratePlanTest"/>
  <testcase name="verifyDateTest" time="0.029" classname="com.lendico.test.GeneratePlanTest"/>
  <testcase name="verifyAnnuityTest" time="0.062" classname="com.lendico.test.GeneratePlanTest"/>
  <testcase name="verifyPrincipleInterestCalculationTest" time="0.051" classname="com.lendico.test.GeneratePlanTest"/>
  <testcase name="verifyAnnuityTest" time="0.067" classname="com.lendico.test.GeneratePlanTest"/>
  <testcase name="verifyPrincipleInterestCalculationTest" time="0.050" classname="com.lendico.test.GeneratePlanTest"/>
  <testcase name="verifyDateTest" time="0.036" classname="com.lendico.test.GeneratePlanTest"/>
  <testcase name="verifyDateTest" time="0.032" classname="com.lendico.test.GeneratePlanTest"/>
  <testcase name="verifyPrincipleInterestCalculationTest" time="0.052" classname="com.lendico.test.GeneratePlanTest"/>
  <testcase name="verifyPrincipalSumTest" time="0.022" classname="com.lendico.test.GeneratePlanTest"/>
  <testcase name="verifyPrincipalSumTest" time="0.023" classname="com.lendico.test.GeneratePlanTest"/>
  <testcase name="verifyPrincipalSumTest" time="0.024" classname="com.lendico.test.GeneratePlanTest"/>
  <testcase name="verifyPrincipalSumTest" time="0.043" classname="com.lendico.test.GeneratePlanTest"/>
</testsuite> <!-- com.lendico.test.GeneratePlanTest -->
